<?xml version="1.0" encoding="UTF-8"?>
<!-- Generated by org.testng.reporters.JUnitXMLReporter -->
<testsuite ignored="0" hostname="EQ-EQ6111199" failures="0" tests="3" name="Default test" time="80.408" errors="0" timestamp="2020-11-13T10:58:33 EET">
  <testcase classname="package_VOIS.MyStore" name="CreateAccount" time="12.97"/>
  <testcase classname="package_VOIS.MyStore" name="Login" time="6.716"/>
  <testcase classname="package_VOIS.MyStore" name="CartCheckout" time="24.943"/>
</testsuite> <!-- Default test -->
