<?xml version="1.0" encoding="UTF-8"?>
<testng-results ignored="0" total="3" passed="3" failed="0" skipped="0">
  <reporter-output>
  </reporter-output>
  <suite started-at="2020-11-13T10:57:12 EET" name="Default suite" finished-at="2020-11-13T10:58:32 EET" duration-ms="80408">
    <groups>
    </groups>
    <test started-at="2020-11-13T10:57:12 EET" name="Default test" finished-at="2020-11-13T10:58:32 EET" duration-ms="80408">
      <class name="package_VOIS.MyStore">
        <test-method is-config="true" signature="openMyStore()[pri:0, instance:package_VOIS.MyStore@222114ba]" started-at="2020-11-13T10:57:12 EET" name="openMyStore" finished-at="2020-11-13T10:57:24 EET" duration-ms="12270" status="PASS">
          <reporter-output>
          </reporter-output>
        </test-method> <!-- openMyStore -->
        <test-method signature="CreateAccount()[pri:0, instance:package_VOIS.MyStore@222114ba]" started-at="2020-11-13T10:57:24 EET" name="CreateAccount" finished-at="2020-11-13T10:57:37 EET" duration-ms="12970" status="PASS">
          <reporter-output>
          </reporter-output>
        </test-method> <!-- CreateAccount -->
        <test-method is-config="true" signature="CloseMyStore()[pri:0, instance:package_VOIS.MyStore@222114ba]" started-at="2020-11-13T10:57:37 EET" name="CloseMyStore" finished-at="2020-11-13T10:57:38 EET" duration-ms="853" status="PASS">
          <reporter-output>
          </reporter-output>
        </test-method> <!-- CloseMyStore -->
        <test-method is-config="true" signature="openMyStore()[pri:0, instance:package_VOIS.MyStore@222114ba]" started-at="2020-11-13T10:57:38 EET" name="openMyStore" finished-at="2020-11-13T10:57:49 EET" duration-ms="10749" status="PASS">
          <reporter-output>
          </reporter-output>
        </test-method> <!-- openMyStore -->
        <test-method signature="Login()[pri:1, instance:package_VOIS.MyStore@222114ba]" started-at="2020-11-13T10:57:49 EET" name="Login" finished-at="2020-11-13T10:57:56 EET" duration-ms="6716" status="PASS">
          <reporter-output>
          </reporter-output>
        </test-method> <!-- Login -->
        <test-method is-config="true" signature="CloseMyStore()[pri:0, instance:package_VOIS.MyStore@222114ba]" started-at="2020-11-13T10:57:56 EET" name="CloseMyStore" finished-at="2020-11-13T10:57:57 EET" duration-ms="813" status="PASS">
          <reporter-output>
          </reporter-output>
        </test-method> <!-- CloseMyStore -->
        <test-method is-config="true" signature="openMyStore()[pri:0, instance:package_VOIS.MyStore@222114ba]" started-at="2020-11-13T10:57:57 EET" name="openMyStore" finished-at="2020-11-13T10:58:07 EET" duration-ms="10073" status="PASS">
          <reporter-output>
          </reporter-output>
        </test-method> <!-- openMyStore -->
        <test-method signature="CartCheckout()[pri:2, instance:package_VOIS.MyStore@222114ba]" started-at="2020-11-13T10:58:07 EET" name="CartCheckout" finished-at="2020-11-13T10:58:32 EET" duration-ms="24943" status="PASS">
          <reporter-output>
          </reporter-output>
        </test-method> <!-- CartCheckout -->
        <test-method is-config="true" signature="CloseMyStore()[pri:0, instance:package_VOIS.MyStore@222114ba]" started-at="2020-11-13T10:58:32 EET" name="CloseMyStore" finished-at="2020-11-13T10:58:32 EET" duration-ms="916" status="PASS">
          <reporter-output>
          </reporter-output>
        </test-method> <!-- CloseMyStore -->
      </class> <!-- package_VOIS.MyStore -->
    </test> <!-- Default test -->
  </suite> <!-- Default suite -->
</testng-results>
